<?xml version="1.0" encoding="UTF-8" ?>
<testsuite errors="0" failures="0" hostname="HHOLMES-PC" name="RoomTest" skipped="0" tests="3" time="0.115" timestamp="2018-10-16T03:35:13">
  <properties>
    <property name="libs.spring-framework300.classpath" value="C:\incubating-netbeans-java-9.0-bin\netbeans\ide\modules\org-apache-commons-logging.jar;C:\incubating-netbeans-java-9.0-bin\netbeans\java\modules\ext\cglib-2.2.jar;C:\incubating-netbeans-java-9.0-bin\netbeans\java\modules\ext\spring-3.0\spring-aop-3.2.7.RELEASE.jar;C:\incubating-netbeans-java-9.0-bin\netbeans\java\modules\ext\spring-3.0\spring-aspects-3.2.7.RELEASE.jar;C:\incubating-netbeans-java-9.0-bin\netbeans\java\modules\ext\spring-3.0\spring-beans-3.2.7.RELEASE.jar;C:\incubating-netbeans-java-9.0-bin\netbeans\java\modules\ext\spring-3.0\spring-build-src-3.2.7.RELEASE.jar;C:\incubating-netbeans-java-9.0-bin\netbeans\java\modules\ext\spring-3.0\spring-context-3.2.7.RELEASE.jar;C:\incubating-netbeans-java-9.0-bin\netbeans\java\modules\ext\spring-3.0\spring-context-support-3.2.7.RELEASE.jar;C:\incubating-netbeans-java-9.0-bin\netbeans\java\modules\ext\spring-3.0\spring-core-3.2.7.RELEASE.jar;C:\incubating-netbeans-java-9.0-bin\netbeans\java\modules\ext\spring-3.0\spring-expression-3.2.7.RELEASE.jar;C:\incubating-netbeans-java-9.0-bin\netbeans\java\modules\ext\spring-3.0\spring-framework-bom-3.2.7.RELEASE.jar;C:\incubating-netbeans-java-9.0-bin\netbeans\java\modules\ext\spring-3.0\spring-instrument-3.2.7.RELEASE.jar;C:\incubating-netbeans-java-9.0-bin\netbeans\java\modules\ext\spring-3.0\spring-instrument-tomcat-3.2.7.RELEASE.jar;C:\incubating-netbeans-java-9.0-bin\netbeans\java\modules\ext\spring-3.0\spring-jdbc-3.2.7.RELEASE.jar;C:\incubating-netbeans-java-9.0-bin\netbeans\java\modules\ext\spring-3.0\spring-jms-3.2.7.RELEASE.jar;C:\incubating-netbeans-java-9.0-bin\netbeans\java\modules\ext\spring-3.0\spring-orm-3.2.7.RELEASE.jar;C:\incubating-netbeans-java-9.0-bin\netbeans\java\modules\ext\spring-3.0\spring-oxm-3.2.7.RELEASE.jar;C:\incubating-netbeans-java-9.0-bin\netbeans\java\modules\ext\spring-3.0\spring-struts-3.2.7.RELEASE.jar;C:\incubating-netbeans-java-9.0-bin\netbeans\java\modules\ext\spring-3.0\spring-test-3.2.7.RELEASE.jar;C:\incubating-netbeans-java-9.0-bin\netbeans\java\modules\ext\spring-3.0\spring-tx-3.2.7.RELEASE.jar;C:\incubating-netbeans-java-9.0-bin\netbeans\java\modules\ext\spring-3.0\spring-web-3.2.7.RELEASE.jar;C:\incubating-netbeans-java-9.0-bin\netbeans\java\modules\ext\spring-3.0\spring-webmvc-3.2.7.RELEASE.jar;C:\incubating-netbeans-java-9.0-bin\netbeans\java\modules\ext\spring-3.0\spring-webmvc-portlet-3.2.7.RELEASE.jar" />
    <property name="javac.test.classpath" value=":build/classes:C:\incubating-netbeans-java-9.0-bin\netbeans\platform\modules\ext\junit-4.12.jar:C:\incubating-netbeans-java-9.0-bin\netbeans\platform\modules\ext\hamcrest-core-1.3.jar" />
    <property name="java.specification.version" value="10" />
    <property name="sun.cpu.isalist" value="amd64" />
    <property name="jar.index.metainf" value="false" />
    <property name="javadoc.preview" value="true" />
    <property name="do.depend" value="false" />
    <property name="libs.spring-framework400.classpath" value="C:\incubating-netbeans-java-9.0-bin\netbeans\ide\modules\org-apache-commons-logging.jar;C:\incubating-netbeans-java-9.0-bin\netbeans\java\modules\ext\cglib-2.2.jar;C:\incubating-netbeans-java-9.0-bin\netbeans\java\modules\ext\spring-4\spring-aop-4.0.1.RELEASE.jar;C:\incubating-netbeans-java-9.0-bin\netbeans\java\modules\ext\spring-4\spring-aspects-4.0.1.RELEASE.jar;C:\incubating-netbeans-java-9.0-bin\netbeans\java\modules\ext\spring-4\spring-beans-4.0.1.RELEASE.jar;C:\incubating-netbeans-java-9.0-bin\netbeans\java\modules\ext\spring-4\spring-build-src-4.0.1.RELEASE.jar;C:\incubating-netbeans-java-9.0-bin\netbeans\java\modules\ext\spring-4\spring-context-4.0.1.RELEASE.jar;C:\incubating-netbeans-java-9.0-bin\netbeans\java\modules\ext\spring-4\spring-context-support-4.0.1.RELEASE.jar;C:\incubating-netbeans-java-9.0-bin\netbeans\java\modules\ext\spring-4\spring-core-4.0.1.RELEASE.jar;C:\incubating-netbeans-java-9.0-bin\netbeans\java\modules\ext\spring-4\spring-expression-4.0.1.RELEASE.jar;C:\incubating-netbeans-java-9.0-bin\netbeans\java\modules\ext\spring-4\spring-framework-bom-4.0.1.RELEASE.jar;C:\incubating-netbeans-java-9.0-bin\netbeans\java\modules\ext\spring-4\spring-instrument-4.0.1.RELEASE.jar;C:\incubating-netbeans-java-9.0-bin\netbeans\java\modules\ext\spring-4\spring-instrument-tomcat-4.0.1.RELEASE.jar;C:\incubating-netbeans-java-9.0-bin\netbeans\java\modules\ext\spring-4\spring-jdbc-4.0.1.RELEASE.jar;C:\incubating-netbeans-java-9.0-bin\netbeans\java\modules\ext\spring-4\spring-jms-4.0.1.RELEASE.jar;C:\incubating-netbeans-java-9.0-bin\netbeans\java\modules\ext\spring-4\spring-messaging-4.0.1.RELEASE.jar;C:\incubating-netbeans-java-9.0-bin\netbeans\java\modules\ext\spring-4\spring-orm-4.0.1.RELEASE.jar;C:\incubating-netbeans-java-9.0-bin\netbeans\java\modules\ext\spring-4\spring-oxm-4.0.1.RELEASE.jar;C:\incubating-netbeans-java-9.0-bin\netbeans\java\modules\ext\spring-4\spring-test-4.0.1.RELEASE.jar;C:\incubating-netbeans-java-9.0-bin\netbeans\java\modules\ext\spring-4\spring-tx-4.0.1.RELEASE.jar;C:\incubating-netbeans-java-9.0-bin\netbeans\java\modules\ext\spring-4\spring-web-4.0.1.RELEASE.jar;C:\incubating-netbeans-java-9.0-bin\netbeans\java\modules\ext\spring-4\spring-webmvc-4.0.1.RELEASE.jar;C:\incubating-netbeans-java-9.0-bin\netbeans\java\modules\ext\spring-4\spring-webmvc-portlet-4.0.1.RELEASE.jar;C:\incubating-netbeans-java-9.0-bin\netbeans\java\modules\ext\spring-4\spring-websocket-4.0.1.RELEASE.jar" />
    <property name="sun.arch.data.model" value="64" />
    <property name="test.binaryincludes" value="&lt;nothing&gt;" />
    <property name="nb.show.statistics.ui" value="usageStatisticsEnabled" />
    <property name="debug-transport" value="dt_shmem" />
    <property name="java.vendor.url" value="http://java.oracle.com/" />
    <property name="annotation.processing.enabled" value="true" />
    <property name="libs.jaxb.classpath" value="C:\incubating-netbeans-java-9.0-bin\netbeans\ide\modules\ext\jaxb\jaxb-impl-2.2.5-2.jar;C:\incubating-netbeans-java-9.0-bin\netbeans\ide\modules\ext\jaxb\jaxb-xjc-2.2.5-2.jar;C:\incubating-netbeans-java-9.0-bin\netbeans\ide\modules\ext\jaxb\jaxb1-impl-2.2.5-2.jar;C:\incubating-netbeans-java-9.0-bin\netbeans\ide\modules\ext\jaxb\activation.jar;C:\incubating-netbeans-java-9.0-bin\netbeans\ide\modules\ext\jaxb\api\jaxb-api.jar" />
    <property name="debug.modulepath" value="" />
    <property name="libs.eclipselink.javadoc" value="C:\incubating-netbeans-java-9.0-bin\netbeans\java\modules\ext\docs\javax.persistence-2.1.0-doc.zip" />
    <property name="libs.JWSAntTasks.javadoc" value="" />
    <property name="sun.boot.library.path" value="C:\Program Files\Java\jdk-10.0.2\bin" />
    <property name="platform.home" value="C:\Program Files\Java\jdk-10.0.2" />
    <property name="libs.CopyLibs.src" value="" />
    <property name="sun.java.command" value="org.apache.tools.ant.taskdefs.optional.junit.JUnitTestRunner RoomTest skipNonTests=false filtertrace=true haltOnError=false haltOnFailure=false showoutput=true outputtoformatters=true logfailedtests=true threadid=0 logtestlistenerevents=true formatter=org.apache.tools.ant.taskdefs.optional.junit.BriefJUnitResultFormatter formatter=org.apache.tools.ant.taskdefs.optional.junit.XMLJUnitResultFormatter,C:\Users\hholmes\Documents\GitHub\hholmes1-P3\build\test\results\TEST-RoomTest.xml crashfile=C:\Users\hholmes\Documents\GitHub\hholmes1-P3\build\junitvmwatcher1805607998988582304.properties propsfile=C:\Users\hholmes\Documents\GitHub\hholmes1-P3\build\junit3480345418308492751.properties" />
    <property name="jdk.debug" value="release" />
    <property name="libs.spring-framework300.src" value="" />
    <property name="java.specification.vendor" value="Oracle Corporation" />
    <property name="javac.source" value="10" />
    <property name="javadoc.use" value="true" />
    <property name="libs.javac-api.maven-pom" value="" />
    <property name="java.version.date" value="2018-07-17" />
    <property name="javadoc.notree" value="false" />
    <property name="java.home" value="C:\Program Files\Java\jdk-10.0.2" />
    <property name="basedir" value="C:\Users\hholmes\Documents\GitHub\hholmes1-P3" />
    <property name="work.dir" value="C:\Users\hholmes\Documents\GitHub\hholmes1-P3" />
    <property name="jna.boot.library.name" value="jnidispatch-440" />
    <property name="java.vm.specification.vendor" value="Oracle Corporation" />
    <property name="java.specification.name" value="Java Platform API Specification" />
    <property name="javac.test.compilerargs" value="" />
    <property name="libs.PostgreSQLDriver.classpath" value="C:\incubating-netbeans-java-9.0-bin\netbeans\ide\modules\ext\postgresql-9.4.1209.jar" />
    <property name="libs.javac-api.javadoc" value="" />
    <property name="libs.JAXB-ENDORSED.src" value="" />
    <property name="netbeans.extbrowser.manual_chrome_plugin_install" value="yes" />
    <property name="manifest.encoding" value="UTF-8" />
    <property name="user.script" value="" />
    <property name="netbeans.default_userdir_root" value="C:\Users\hholmes\AppData\Roaming\NetBeans" />
    <property name="libs.spring-framework400.src" value="" />
    <property name="sun.management.compiler" value="HotSpot 64-Bit Tiered Compilers" />
    <property name="jdk.home" value="H:\Program Files\Java\jdk1.8.0_121" />
    <property name="run.test.modulepath" value="" />
    <property name="java.runtime.version" value="10.0.2+13" />
    <property name="libs.eclipselink.maven-pom" value="" />
    <property name="libs.JAXB-ENDORSED.javadoc" value="" />
    <property name="debug.test.modulepath" value="" />
    <property name="org.openide.awt.SwingBrowserImpl.do-not-block-awt" value="false" />
    <property name="platform.bootcp" value="C:\Program Files\Java\jdk-10.0.2\!/modules/java.activation/;C:\Program Files\Java\jdk-10.0.2\!/modules/java.base/;C:\Program Files\Java\jdk-10.0.2\!/modules/java.compiler/;C:\Program Files\Java\jdk-10.0.2\!/modules/java.corba/;C:\Program Files\Java\jdk-10.0.2\!/modules/java.datatransfer/;C:\Program Files\Java\jdk-10.0.2\!/modules/java.desktop/;C:\Program Files\Java\jdk-10.0.2\!/modules/java.instrument/;C:\Program Files\Java\jdk-10.0.2\!/modules/java.jnlp/;C:\Program Files\Java\jdk-10.0.2\!/modules/java.logging/;C:\Program Files\Java\jdk-10.0.2\!/modules/java.management/;C:\Program Files\Java\jdk-10.0.2\!/modules/java.management.rmi/;C:\Program Files\Java\jdk-10.0.2\!/modules/java.naming/;C:\Program Files\Java\jdk-10.0.2\!/modules/java.prefs/;C:\Program Files\Java\jdk-10.0.2\!/modules/java.rmi/;C:\Program Files\Java\jdk-10.0.2\!/modules/java.scripting/;C:\Program Files\Java\jdk-10.0.2\!/modules/java.se/;C:\Program Files\Java\jdk-10.0.2\!/modules/java.se.ee/;C:\Program Files\Java\jdk-10.0.2\!/modules/java.security.jgss/;C:\Program Files\Java\jdk-10.0.2\!/modules/java.security.sasl/;C:\Program Files\Java\jdk-10.0.2\!/modules/java.smartcardio/;C:\Program Files\Java\jdk-10.0.2\!/modules/java.sql/;C:\Program Files\Java\jdk-10.0.2\!/modules/java.sql.rowset/;C:\Program Files\Java\jdk-10.0.2\!/modules/java.transaction/;C:\Program Files\Java\jdk-10.0.2\!/modules/java.xml/;C:\Program Files\Java\jdk-10.0.2\!/modules/java.xml.bind/;C:\Program Files\Java\jdk-10.0.2\!/modules/java.xml.crypto/;C:\Program Files\Java\jdk-10.0.2\!/modules/java.xml.ws/;C:\Program Files\Java\jdk-10.0.2\!/modules/java.xml.ws.annotation/;C:\Program Files\Java\jdk-10.0.2\!/modules/javafx.base/;C:\Program Files\Java\jdk-10.0.2\!/modules/javafx.controls/;C:\Program Files\Java\jdk-10.0.2\!/modules/javafx.deploy/;C:\Program Files\Java\jdk-10.0.2\!/modules/javafx.fxml/;C:\Program Files\Java\jdk-10.0.2\!/modules/javafx.graphics/;C:\Program Files\Java\jdk-10.0.2\!/modules/javafx.media/;C:\Program Files\Java\jdk-10.0.2\!/modules/javafx.swing/;C:\Program Files\Java\jdk-10.0.2\!/modules/javafx.web/;C:\Program Files\Java\jdk-10.0.2\!/modules/jdk.accessibility/;C:\Program Files\Java\jdk-10.0.2\!/modules/jdk.aot/;C:\Program Files\Java\jdk-10.0.2\!/modules/jdk.attach/;C:\Program Files\Java\jdk-10.0.2\!/modules/jdk.charsets/;C:\Program Files\Java\jdk-10.0.2\!/modules/jdk.compiler/;C:\Program Files\Java\jdk-10.0.2\!/modules/jdk.crypto.cryptoki/;C:\Program Files\Java\jdk-10.0.2\!/modules/jdk.crypto.ec/;C:\Program Files\Java\jdk-10.0.2\!/modules/jdk.crypto.mscapi/;C:\Program Files\Java\jdk-10.0.2\!/modules/jdk.deploy/;C:\Program Files\Java\jdk-10.0.2\!/modules/jdk.deploy.controlpanel/;C:\Program Files\Java\jdk-10.0.2\!/modules/jdk.dynalink/;C:\Program Files\Java\jdk-10.0.2\!/modules/jdk.editpad/;C:\Program Files\Java\jdk-10.0.2\!/modules/jdk.hotspot.agent/;C:\Program Files\Java\jdk-10.0.2\!/modules/jdk.httpserver/;C:\Program Files\Java\jdk-10.0.2\!/modules/jdk.incubator.httpclient/;C:\Program Files\Java\jdk-10.0.2\!/modules/jdk.internal.ed/;C:\Program Files\Java\jdk-10.0.2\!/modules/jdk.internal.jvmstat/;C:\Program Files\Java\jdk-10.0.2\!/modules/jdk.internal.le/;C:\Program Files\Java\jdk-10.0.2\!/modules/jdk.internal.opt/;C:\Program Files\Java\jdk-10.0.2\!/modules/jdk.internal.vm.ci/;C:\Program Files\Java\jdk-10.0.2\!/modules/jdk.internal.vm.compiler/;C:\Program Files\Java\jdk-10.0.2\!/modules/jdk.internal.vm.compiler.management/;C:\Program Files\Java\jdk-10.0.2\!/modules/jdk.jartool/;C:\Program Files\Java\jdk-10.0.2\!/modules/jdk.javadoc/;C:\Program Files\Java\jdk-10.0.2\!/modules/jdk.javaws/;C:\Program Files\Java\jdk-10.0.2\!/modules/jdk.jcmd/;C:\Program Files\Java\jdk-10.0.2\!/modules/jdk.jconsole/;C:\Program Files\Java\jdk-10.0.2\!/modules/jdk.jdeps/;C:\Program Files\Java\jdk-10.0.2\!/modules/jdk.jdi/;C:\Program Files\Java\jdk-10.0.2\!/modules/jdk.jdwp.agent/;C:\Program Files\Java\jdk-10.0.2\!/modules/jdk.jfr/;C:\Program Files\Java\jdk-10.0.2\!/modules/jdk.jlink/;C:\Program Files\Java\jdk-10.0.2\!/modules/jdk.jshell/;C:\Program Files\Java\jdk-10.0.2\!/modules/jdk.jsobject/;C:\Program Files\Java\jdk-10.0.2\!/modules/jdk.jstatd/;C:\Program Files\Java\jdk-10.0.2\!/modules/jdk.localedata/;C:\Program Files\Java\jdk-10.0.2\!/modules/jdk.management/;C:\Program Files\Java\jdk-10.0.2\!/modules/jdk.management.agent/;C:\Program Files\Java\jdk-10.0.2\!/modules/jdk.management.cmm/;C:\Program Files\Java\jdk-10.0.2\!/modules/jdk.management.jfr/;C:\Program Files\Java\jdk-10.0.2\!/modules/jdk.management.resource/;C:\Program Files\Java\jdk-10.0.2\!/modules/jdk.naming.dns/;C:\Program Files\Java\jdk-10.0.2\!/modules/jdk.naming.rmi/;C:\Program Files\Java\jdk-10.0.2\!/modules/jdk.net/;C:\Program Files\Java\jdk-10.0.2\!/modules/jdk.pack/;C:\Program Files\Java\jdk-10.0.2\!/modules/jdk.packager/;C:\Program Files\Java\jdk-10.0.2\!/modules/jdk.packager.services/;C:\Program Files\Java\jdk-10.0.2\!/modules/jdk.plugin/;C:\Program Files\Java\jdk-10.0.2\!/modules/jdk.plugin.server/;C:\Program Files\Java\jdk-10.0.2\!/modules/jdk.rmic/;C:\Program Files\Java\jdk-10.0.2\!/modules/jdk.scripting.nashorn/;C:\Program Files\Java\jdk-10.0.2\!/modules/jdk.scripting.nashorn.shell/;C:\Program Files\Java\jdk-10.0.2\!/modules/jdk.sctp/;C:\Program Files\Java\jdk-10.0.2\!/modules/jdk.security.auth/;C:\Program Files\Java\jdk-10.0.2\!/modules/jdk.security.jgss/;C:\Program Files\Java\jdk-10.0.2\!/modules/jdk.snmp/;C:\Program Files\Java\jdk-10.0.2\!/modules/jdk.unsupported/;C:\Program Files\Java\jdk-10.0.2\!/modules/jdk.xml.bind/;C:\Program Files\Java\jdk-10.0.2\!/modules/jdk.xml.dom/;C:\Program Files\Java\jdk-10.0.2\!/modules/jdk.xml.ws/;C:\Program Files\Java\jdk-10.0.2\!/modules/jdk.zipfs/;C:\Program Files\Java\jdk-10.0.2\!/modules/oracle.desktop/;C:\Program Files\Java\jdk-10.0.2\!/modules/oracle.net/" />
    <property name="sun.java2d.noddraw" value="true" />
    <property name="file.encoding" value="Cp1252" />
    <property name="java.util.logging.config.class" value="org.netbeans.core.startup.TopLogging" />
    <property name="guice.disable.misplaced.annotation.check" value="true" />
    <property name="https.nonProxyHosts" value="localhost|127.0.0.1|HHOLMES-PC" />
    <property name="java.vendor.version" value="18.3" />
    <property name="libs.absolutelayout.classpath" value="C:\incubating-netbeans-java-9.0-bin\netbeans\java\modules\ext\AbsoluteLayout.jar" />
    <property name="dist.archive.excludes" value="" />
    <property name="java.io.tmpdir" value="C:\Users\hholmes\AppData\Local\Temp\" />
    <property name="org.openide.awt.ActionReference.completion" value="org.netbeans.modules.apisupport.project.layers.PathCompletions" />
    <property name="do.archive" value="true" />
    <property name="java.version" value="10.0.2" />
    <property name="java.vm.specification.name" value="Java Virtual Machine Specification" />
    <property name="java.awt.printerjob" value="sun.awt.windows.WPrinterJob" />
    <property name="built-jar.properties" value="C:\Users\hholmes\Documents\GitHub\hholmes1-P3\build\built-jar.properties" />
    <property name="nb.native.filechooser" value="false" />
    <property name="libs.testng.src" value="" />
    <property name="java.library.path" value="C:\Program Files\Java\jdk-10.0.2\bin;C:\WINDOWS\Sun\Java\bin;C:\WINDOWS\system32;C:\WINDOWS;C:\Program Files (x86)\Common Files\Oracle\Java\javapath;C:\ProgramData\Oracle\Java\javapath;C:\Program Files (x86)\Intel\iCLS Client\;C:\Program Files\Intel\iCLS Client\;C:\WINDOWS\system32;C:\WINDOWS;C:\WINDOWS\System32\Wbem;C:\WINDOWS\System32\WindowsPowerShell\v1.0\;C:\Program Files\Intel\Intel(R) Management Engine Components\DAL;C:\Program Files (x86)\Intel\Intel(R) Management Engine Components\DAL;C:\Program Files\Intel\Intel(R) Management Engine Components\IPT;C:\Program Files (x86)\Intel\Intel(R) Management Engine Components\IPT;C:\Program Files (x86)\NVIDIA Corporation\PhysX\Common;C:\Program Files (x86)\Skype\Phone\;C:\WINDOWS\system32;C:\WINDOWS;C:\WINDOWS\System32\Wbem;C:\WINDOWS\System32\WindowsPowerShell\v1.0\;C:\Program Files (x86)\Windows Kits\8.1\Windows Performance Toolkit\;C:\MinGW\msys\1.0\bin;C:\Python30;C:\WINDOWS\System32\OpenSSH\;C:\Program Files\MATLAB\R2018b\bin;C:\Program Files\Intel\WiFi\bin\;C:\Program Files\Common Files\Intel\WirelessCommon\;C:\Users\hholmes\AppData\Local\Microsoft\WindowsApps;C:\Program Files\Intel\WiFi\bin\;C:\Program Files\Common Files\Intel\WirelessCommon\;C:\Users\hholmes\AppData\Local\GitHubDesktop\bin;C:\Users\hholmes\AppData\Local\atom\bin;." />
    <property name="libs.hamcrest.src" value="" />
    <property name="platform.active" value="JDK_10" />
    <property name="java.vendor" value="Oracle Corporation" />
    <property name="manifest.file" value="manifest.mf" />
    <property name="libs.testng.javadoc" value="C:\incubating-netbeans-java-9.0-bin\netbeans\platform\docs\testng-6.8.1-javadoc.zip" />
    <property name="meta.inf.dir" value="src/META-INF" />
    <property name="run.upgrademodulepath" value="" />
    <property name="sun.io.unicode.encoding" value="UnicodeLittle" />
    <property name="compile.on.save" value="true" />
    <property name="libs.testng.maven-pom" value="" />
    <property name="jlink.additionalparam" value="" />
    <property name="org.openide.version" value="deprecated" />
    <property name="default.javac.source" value="1.8" />
    <property name="sun.desktop" value="windows" />
    <property name="netbeans.dynamic.classpath" value="C:\incubating-netbeans-java-9.0-bin\netbeans\platform\core\asm-all-5.0.1.jar;C:\incubating-netbeans-java-9.0-bin\netbeans\platform\core\core-base.jar;C:\incubating-netbeans-java-9.0-bin\netbeans\platform\core\core.jar;C:\incubating-netbeans-java-9.0-bin\netbeans\platform\core\org-netbeans-libs-asm.jar;C:\incubating-netbeans-java-9.0-bin\netbeans\platform\core\org-openide-filesystems-compat8.jar;C:\incubating-netbeans-java-9.0-bin\netbeans\platform\core\org-openide-filesystems.jar;C:\incubating-netbeans-java-9.0-bin\netbeans\nb\core\org-netbeans-upgrader.jar;C:\incubating-netbeans-java-9.0-bin\netbeans\nb\core\locale\core_nb.jar" />
    <property name="run.classpath" value=":build/classes" />
    <property name="libs.jaxb.src" value="" />
    <property name="libs.eclipselinkmodelgen.classpath" value="C:\incubating-netbeans-java-9.0-bin\netbeans\java\modules\ext\eclipselink\org.eclipse.persistence.jpa.modelgen.processor-2.5.2.jar" />
    <property name="javac.systemmodulepath.cmd.line.arg" value="" />
    <property name="test.src.dir" value="test" />
    <property name="sun.awt.enableExtraMouseButtons" value="true" />
    <property name="org.openide.major.version" value="IDE/1" />
    <property name="libs.spring-framework300.javadoc" value="" />
    <property name="netbeans.buildnumber" value="incubator-netbeans-release-334-on-20180708" />
    <property name="ap.proc.none.internal" value="" />
    <property name="endorsed.classpath.cmd.line.arg" value="" />
    <property name="org.openide.specification.version" value="6.2" />
    <property name="libs.jpa20-persistence.maven-pom" value="" />
    <property name="user.timezone" value="" />
    <property name="jar.index" value="false" />
    <property name="libs.jpa20-persistence.classpath" value="C:\incubating-netbeans-java-9.0-bin\netbeans\java\modules\ext\eclipselink\javax.persistence-2.1.0.jar" />
    <property name="java.vm.specification.version" value="10" />
    <property name="build.sysclasspath" value="ignore" />
    <property name="os.name" value="Windows 10" />
    <property name="libs.CopyLibs.maven-pom" value="" />
    <property name="libs.eclipselinkmodelgen.javadoc" value="" />
    <property name="ant.file.type.hholmes1-P3-impl" value="file" />
    <property name="javadoc.noindex" value="false" />
    <property name="platforms.JDK_10.compiler" value="modern" />
    <property name="javadoc.private" value="false" />
    <property name="javadoc.author" value="false" />
    <property name="http.nonProxyHosts" value="localhost|127.0.0.1|HHOLMES-PC" />
    <property name="main.class" value="TestP3" />
    <property name="libs.JAXB-ENDORSED.maven-pom" value="" />
    <property name="user.home" value="C:\Users\hholmes" />
    <property name="source.encoding" value="UTF-8" />
    <property name="libs.eclipselinkmodelgen.maven-pom" value="" />
    <property name="jar.compress" value="false" />
    <property name="have.sources" value="true" />
    <property name="annotation.processing.processors.list" value="" />
    <property name="javac.deprecation" value="false" />
    <property name="jlink.launcher" value="true" />
    <property name="java.awt.graphicsenv" value="sun.awt.Win32GraphicsEnvironment" />
    <property name="platform.javac" value="C:\Program Files\Java\jdk-10.0.2/bin/javac" />
    <property name="build.generated.sources.dir" value="build/generated-sources" />
    <property name="ant.file.hholmes1-P3-impl" value="C:\Users\hholmes\Documents\GitHub\hholmes1-P3\nbproject\build-impl.xml" />
    <property name="apple.awt.graphics.UseQuartz" value="true" />
    <property name="plugin.manager.check.updates" value="false" />
    <property name="run.jvmargs" value="" />
    <property name="netbeans.autoupdate.language" value="en" />
    <property name="build.compiler.emacs" value="true" />
    <property name="libs.eclipselinkmodelgen.src" value="" />
    <property name="build.classes.excludes" value="**/*.java,**/*.form" />
    <property name="dist.jar" value="dist/hholmes1-P3.jar" />
    <property name="ant.file" value="C:\Users\hholmes\Documents\GitHub\hholmes1-P3\build.xml" />
    <property name="path.separator" value=";" />
    <property name="modules.supported.internal" value="true" />
    <property name="os.version" value="10.0" />
    <property name="libs.JAXB-ENDORSED.classpath" value="C:\incubating-netbeans-java-9.0-bin\netbeans\ide\modules\ext\jaxb\api\jaxb-api.jar" />
    <property name="netbeans.home" value="C:\incubating-netbeans-java-9.0-bin\netbeans\platform" />
    <property name="java.endorsed.dirs" value="H:\Program Files\Java\jdk1.8.0_121\jre\lib\endorsed" />
    <property name="libs.CopyLibs.javadoc" value="" />
    <property name="debug-transport-by-os" value="dt_shmem" />
    <property name="build.test.results.dir" value="build/test/results" />
    <property name="libs.jaxws21.javadoc" value="C:\incubating-netbeans-java-9.0-bin\netbeans\java\docs\jaxws-api-doc.zip" />
    <property name="libs.spring-framework400.maven-pom" value="" />
    <property name="ap.processors.internal" value="" />
    <property name="java.vm.name" value="Java HotSpot(TM) 64-Bit Server VM" />
    <property name="unnamed.module.internal" value="true" />
    <property name="module.name" value="" />
    <property name="libs.jaxws21.classpath" value="C:\incubating-netbeans-java-9.0-bin\netbeans\java\modules\ext\jaxws22\FastInfoset.jar;C:\incubating-netbeans-java-9.0-bin\netbeans\java\modules\ext\jaxws22\gmbal-api-only.jar;C:\incubating-netbeans-java-9.0-bin\netbeans\java\modules\ext\jaxws22\ha-api.jar;C:\incubating-netbeans-java-9.0-bin\netbeans\java\modules\ext\jaxws22\javax.mail_1.4.jar;C:\incubating-netbeans-java-9.0-bin\netbeans\java\modules\ext\jaxws22\jaxws-rt.jar;C:\incubating-netbeans-java-9.0-bin\netbeans\java\modules\ext\jaxws22\jaxws-tools.jar;C:\incubating-netbeans-java-9.0-bin\netbeans\java\modules\ext\jaxws22\management-api.jar;C:\incubating-netbeans-java-9.0-bin\netbeans\java\modules\ext\jaxws22\mimepull.jar;C:\incubating-netbeans-java-9.0-bin\netbeans\java\modules\ext\jaxws22\policy.jar;C:\incubating-netbeans-java-9.0-bin\netbeans\java\modules\ext\jaxws22\saaj-impl.jar;C:\incubating-netbeans-java-9.0-bin\netbeans\java\modules\ext\jaxws22\stax-ex.jar;C:\incubating-netbeans-java-9.0-bin\netbeans\java\modules\ext\jaxws22\stax2-api.jar;C:\incubating-netbeans-java-9.0-bin\netbeans\java\modules\ext\jaxws22\streambuffer.jar;C:\incubating-netbeans-java-9.0-bin\netbeans\java\modules\ext\jaxws22\woodstox-core-asl.jar;C:\incubating-netbeans-java-9.0-bin\netbeans\java\modules\ext\jaxws22\api\jaxws-api.jar;C:\incubating-netbeans-java-9.0-bin\netbeans\java\modules\ext\jaxws22\api\jsr181-api.jar;C:\incubating-netbeans-java-9.0-bin\netbeans\java\modules\ext\jaxws22\api\javax.annotation.jar;C:\incubating-netbeans-java-9.0-bin\netbeans\java\modules\ext\jaxws22\api\saaj-api.jar;C:\incubating-netbeans-java-9.0-bin\netbeans\ide\modules\ext\jaxb\activation.jar;C:\incubating-netbeans-java-9.0-bin\netbeans\ide\modules\ext\jaxb\api\jaxb-api.jar" />
    <property name="os.arch" value="amd64" />
    <property name="libs.hamcrest.javadoc" value="" />
    <property name="libs.spring-framework400.javadoc" value="" />
    <property name="build.generated.dir" value="build/generated" />
    <property name="libs.javac-api.src" value="" />
    <property name="platform.javadoc.tmp" value="${platforms.JDK_10.javadoc}" />
    <property name="java.vm.info" value="mixed mode" />
    <property name="libs.jaxws21.maven-pom" value="" />
    <property name="run.test.classpath" value=":build/classes:C:\incubating-netbeans-java-9.0-bin\netbeans\platform\modules\ext\junit-4.12.jar:C:\incubating-netbeans-java-9.0-bin\netbeans\platform\modules\ext\hamcrest-core-1.3.jar:build/test/classes" />
    <property name="dist.jlink.output" value="dist/jlink/hholmes1-P3" />
    <property name="java.class.version" value="54.0" />
    <property name="javadoc.encoding.used" value="UTF-8" />
    <property name="src.dir" value="src" />
    <property name="org.netbeans.io.suspend" value="0" />
    <property name="ant.project.default-target" value="default" />
    <property name="debug.classpath" value=":build/classes" />
    <property name="awt.toolkit" value="sun.awt.windows.WToolkit" />
    <property name="excludes" value="" />
    <property name="ant.project.name" value="hholmes1-P3" />
    <property name="platform.java.tmp" value="${platforms.JDK_10.java}" />
    <property name="dist.javadoc.dir" value="dist/javadoc" />
    <property name="libs.junit_4.javadoc" value="C:\incubating-netbeans-java-9.0-bin\netbeans\platform\docs\junit-4.12-javadoc.jar" />
    <property name="sun.jnu.encoding" value="Cp1252" />
    <property name="run.test.jvmargs" value="" />
    <property name="default.javac.target" value="1.8" />
    <property name="sun.java2d.dpiaware" value="true" />
    <property name="libs.eclipselink.classpath" value="C:\incubating-netbeans-java-9.0-bin\netbeans\java\modules\ext\eclipselink\org.eclipse.persistence.core-2.5.2.jar;C:\incubating-netbeans-java-9.0-bin\netbeans\java\modules\ext\eclipselink\org.eclipse.persistence.asm-2.5.2.jar;C:\incubating-netbeans-java-9.0-bin\netbeans\java\modules\ext\eclipselink\org.eclipse.persistence.antlr-2.5.2.jar;C:\incubating-netbeans-java-9.0-bin\netbeans\java\modules\ext\eclipselink\org.eclipse.persistence.jpa-2.5.2.jar;C:\incubating-netbeans-java-9.0-bin\netbeans\java\modules\ext\eclipselink\org.eclipse.persistence.jpa.jpql-2.5.2.jar;C:\incubating-netbeans-java-9.0-bin\netbeans\java\modules\ext\eclipselink\javax.persistence-2.1.0.jar" />
    <property name="libs.javac-api.classpath" value="" />
    <property name="main.class.available" value="true" />
    <property name="netbeans.importclass" value="org.netbeans.upgrade.AutoUpgrade" />
    <property name="libs.PostgreSQLDriver.maven-pom" value="" />
    <property name="netbeans.autoupdate.version" value="1.23" />
    <property name="libs.absolutelayout.src" value="" />
    <property name="empty.dir" value="C:\Users\hholmes\Documents\GitHub\hholmes1-P3\build\empty" />
    <property name="testng.mode" value="testng" />
    <property name="annotation.processing.enabled.in.editor" value="false" />
    <property name="netbeans.user" value="C:\Users\hholmes\AppData\Roaming\NetBeans\9.0" />
    <property name="file.separator" value="\" />
    <property name="java.vm.compressedOopsMode" value="Zero based" />
    <property name="line.separator" value="&#xd;&#xa;" />
    <property name="javadoc.additionalparam" value="" />
    <property name="netbeans.productversion" value="Apache NetBeans IDE 9.0 (Build incubator-netbeans-release-334-on-20180708)" />
    <property name="ant.file.hholmes1-P3" value="C:\Users\hholmes\Documents\GitHub\hholmes1-P3\build.xml" />
    <property name="javac.debug" value="true" />
    <property name="sun.boot.class.path" value="H:\Program Files\Java\jdk1.8.0_121\jre\lib\resources.jar;H:\Program Files\Java\jdk1.8.0_121\jre\lib\rt.jar;H:\Program Files\Java\jdk1.8.0_121\jre\lib\sunrsasign.jar;H:\Program Files\Java\jdk1.8.0_121\jre\lib\jsse.jar;H:\Program Files\Java\jdk1.8.0_121\jre\lib\jce.jar;H:\Program Files\Java\jdk1.8.0_121\jre\lib\charsets.jar;H:\Program Files\Java\jdk1.8.0_121\jre\lib\jfr.jar;H:\Program Files\Java\jdk1.8.0_121\jre\classes" />
    <property name="libs.testng.classpath" value="C:\incubating-netbeans-java-9.0-bin\netbeans\platform\modules\ext\testng-6.8.1-dist.jar" />
    <property name="mkdist.disabled" value="false" />
    <property name="user.name" value="hholmes" />
    <property name="build.classes.dir" value="build/classes" />
    <property name="javadoc.windowtitle" value="" />
    <property name="nb.junit.single" value="false" />
    <property name="nb.internal.action.name" value="test" />
    <property name="libs.absolutelayout.javadoc" value="" />
    <property name="libs.jaxws21.src" value="" />
    <property name="module.build.classes.dir" value="build/classes" />
    <property name="libs.jaxb.maven-pom" value="" />
    <property name="annotation.processing.processor.options" value="" />
    <property name="dist.dir" value="dist" />
    <property name="jna.loaded" value="true" />
    <property name="build.dir" value="build" />
    <property name="netbeans.autoupdate.variant" value="" />
    <property name="libs.jpa20-persistence.javadoc" value="C:\incubating-netbeans-java-9.0-bin\netbeans\java\modules\ext\docs\javax.persistence-2.1.0-doc.zip" />
    <property name="javadoc.version" value="false" />
    <property name="ant.junit.enabletestlistenerevents" value="true" />
    <property name="libs.JWSAntTasks.src" value="" />
    <property name="ant.home" value="C:\incubating-netbeans-java-9.0-bin\netbeans\extide\ant" />
    <property name="libs.CopyLibs.classpath" value="C:\incubating-netbeans-java-9.0-bin\netbeans\java\ant\extra\org-netbeans-modules-java-j2seproject-copylibstask.jar" />
    <property name="debug.test.classpath" value=":build/classes:C:\incubating-netbeans-java-9.0-bin\netbeans\platform\modules\ext\junit-4.12.jar:C:\incubating-netbeans-java-9.0-bin\netbeans\platform\modules\ext\hamcrest-core-1.3.jar:build/test/classes" />
    <property name="have.tests" value="true" />
    <property name="sun.os.patch.level" value="" />
    <property name="javac.external.vm" value="true" />
    <property name="testng.debug.mode" value="" />
    <property name="javac.target" value="10" />
    <property name="ant.version" value="Apache Ant(TM) version 1.10.4 compiled on June 19 2018" />
    <property name="platforms.JDK_10.home" value="C:\Program Files\Java\jdk-10.0.2" />
    <property name="libs.absolutelayout.maven-pom" value="" />
    <property name="javadoc.html5" value="false" />
    <property name="javac.test.processorpath" value=":build/classes:C:\incubating-netbeans-java-9.0-bin\netbeans\platform\modules\ext\junit-4.12.jar:C:\incubating-netbeans-java-9.0-bin\netbeans\platform\modules\ext\hamcrest-core-1.3.jar" />
    <property name="java.failonerror" value="true" />
    <property name="netbeans.dirs" value="C:\incubating-netbeans-java-9.0-bin\netbeans\nb;C:\incubating-netbeans-java-9.0-bin\netbeans\ergonomics;C:\incubating-netbeans-java-9.0-bin\netbeans\ide;C:\incubating-netbeans-java-9.0-bin\netbeans\extide;C:\incubating-netbeans-java-9.0-bin\netbeans\java;C:\incubating-netbeans-java-9.0-bin\netbeans\apisupport;C:\incubating-netbeans-java-9.0-bin\netbeans\webcommon;C:\incubating-netbeans-java-9.0-bin\netbeans\websvccommon;C:\incubating-netbeans-java-9.0-bin\netbeans\enterprise;C:\incubating-netbeans-java-9.0-bin\netbeans\mobility;C:\incubating-netbeans-java-9.0-bin\netbeans\profiler;C:\incubating-netbeans-java-9.0-bin\netbeans\python;C:\incubating-netbeans-java-9.0-bin\netbeans\php;C:\incubating-netbeans-java-9.0-bin\netbeans\identity;C:\incubating-netbeans-java-9.0-bin\netbeans\harness;C:\incubating-netbeans-java-9.0-bin\netbeans\cnd;C:\incubating-netbeans-java-9.0-bin\netbeans\cndext;C:\incubating-netbeans-java-9.0-bin\netbeans\dlight;C:\incubating-netbeans-java-9.0-bin\netbeans\groovy;C:\incubating-netbeans-java-9.0-bin\netbeans\extra;C:\incubating-netbeans-java-9.0-bin\netbeans\javacard;C:\incubating-netbeans-java-9.0-bin\netbeans\javafx" />
    <property name="javac.modulepath" value="" />
    <property name="user.properties.file" value="C:\Users\hholmes\AppData\Roaming\NetBeans\9.0\build.properties" />
    <property name="libs.hamcrest.maven-pom" value="" />
    <property name="netbeans.autoupdate.country" value="US" />
    <property name="nb.wait.for.caches" value="true" />
    <property name="file.encoding.pkg" value="sun.io" />
    <property name="javac.processorpath" value="" />
    <property name="netbeans.accept_license_class" value="org.netbeans.license.AcceptLicense" />
    <property name="java.class.path" value="C:\Users\hholmes\Documents\GitHub\hholmes1-P3\build\classes;C:\incubating-netbeans-java-9.0-bin\netbeans\platform\modules\ext\junit-4.12.jar;C:\incubating-netbeans-java-9.0-bin\netbeans\platform\modules\ext\hamcrest-core-1.3.jar;C:\Users\hholmes\Documents\GitHub\hholmes1-P3\build\test\classes;C:\incubating-netbeans-java-9.0-bin\netbeans\extide\ant\lib\ant-launcher.jar;C:\incubating-netbeans-java-9.0-bin\netbeans\extide\ant\lib\ant.jar;C:\incubating-netbeans-java-9.0-bin\netbeans\extide\ant\lib\ant-junit.jar;C:\incubating-netbeans-java-9.0-bin\netbeans\extide\ant\lib\ant-junit4.jar" />
    <property name="libs.JWSAntTasks.maven-pom" value="" />
    <property name="java.vm.vendor" value="&quot;Oracle Corporation&quot;" />
    <property name="platform.javac.tmp" value="${platforms.JDK_10.javac}" />
    <property name="ap.supported.internal" value="true" />
    <property name="user.variant" value="" />
    <property name="netbeans.home+have.tests" value="true" />
    <property name="run.modulepath" value="" />
    <property name="javac.upgrademodulepath" value="" />
    <property name="test.binaryexcludes" value="" />
    <property name="do.archive+manifest.available" value="true" />
    <property name="javac.compilerargs" value="" />
    <property name="apple.laf.useScreenMenuBar" value="true" />
    <property name="user.country" value="US" />
    <property name="sun.java.launcher" value="SUN_STANDARD" />
    <property name="libs.jpa20-persistence.src" value="" />
    <property name="javac.test.sourcepath" value="C:\Users\hholmes\Documents\GitHub\hholmes1-P3\build\empty" />
    <property name="sun.cpu.endian" value="little" />
    <property name="libs.junit_4.src" value="C:\incubating-netbeans-java-9.0-bin\netbeans\platform\docs\junit-4.12-sources.jar" />
    <property name="user.language" value="en" />
    <property name="copylibs.rebase" value="true" />
    <property name="includes" value="**" />
    <property name="javadoc.nonavbar" value="false" />
    <property name="platforms.JDK_10.bootclasspath" value="C:\Program Files\Java\jdk-10.0.2\!/modules/java.activation/;C:\Program Files\Java\jdk-10.0.2\!/modules/java.base/;C:\Program Files\Java\jdk-10.0.2\!/modules/java.compiler/;C:\Program Files\Java\jdk-10.0.2\!/modules/java.corba/;C:\Program Files\Java\jdk-10.0.2\!/modules/java.datatransfer/;C:\Program Files\Java\jdk-10.0.2\!/modules/java.desktop/;C:\Program Files\Java\jdk-10.0.2\!/modules/java.instrument/;C:\Program Files\Java\jdk-10.0.2\!/modules/java.jnlp/;C:\Program Files\Java\jdk-10.0.2\!/modules/java.logging/;C:\Program Files\Java\jdk-10.0.2\!/modules/java.management/;C:\Program Files\Java\jdk-10.0.2\!/modules/java.management.rmi/;C:\Program Files\Java\jdk-10.0.2\!/modules/java.naming/;C:\Program Files\Java\jdk-10.0.2\!/modules/java.prefs/;C:\Program Files\Java\jdk-10.0.2\!/modules/java.rmi/;C:\Program Files\Java\jdk-10.0.2\!/modules/java.scripting/;C:\Program Files\Java\jdk-10.0.2\!/modules/java.se/;C:\Program Files\Java\jdk-10.0.2\!/modules/java.se.ee/;C:\Program Files\Java\jdk-10.0.2\!/modules/java.security.jgss/;C:\Program Files\Java\jdk-10.0.2\!/modules/java.security.sasl/;C:\Program Files\Java\jdk-10.0.2\!/modules/java.smartcardio/;C:\Program Files\Java\jdk-10.0.2\!/modules/java.sql/;C:\Program Files\Java\jdk-10.0.2\!/modules/java.sql.rowset/;C:\Program Files\Java\jdk-10.0.2\!/modules/java.transaction/;C:\Program Files\Java\jdk-10.0.2\!/modules/java.xml/;C:\Program Files\Java\jdk-10.0.2\!/modules/java.xml.bind/;C:\Program Files\Java\jdk-10.0.2\!/modules/java.xml.crypto/;C:\Program Files\Java\jdk-10.0.2\!/modules/java.xml.ws/;C:\Program Files\Java\jdk-10.0.2\!/modules/java.xml.ws.annotation/;C:\Program Files\Java\jdk-10.0.2\!/modules/javafx.base/;C:\Program Files\Java\jdk-10.0.2\!/modules/javafx.controls/;C:\Program Files\Java\jdk-10.0.2\!/modules/javafx.deploy/;C:\Program Files\Java\jdk-10.0.2\!/modules/javafx.fxml/;C:\Program Files\Java\jdk-10.0.2\!/modules/javafx.graphics/;C:\Program Files\Java\jdk-10.0.2\!/modules/javafx.media/;C:\Program Files\Java\jdk-10.0.2\!/modules/javafx.swing/;C:\Program Files\Java\jdk-10.0.2\!/modules/javafx.web/;C:\Program Files\Java\jdk-10.0.2\!/modules/jdk.accessibility/;C:\Program Files\Java\jdk-10.0.2\!/modules/jdk.aot/;C:\Program Files\Java\jdk-10.0.2\!/modules/jdk.attach/;C:\Program Files\Java\jdk-10.0.2\!/modules/jdk.charsets/;C:\Program Files\Java\jdk-10.0.2\!/modules/jdk.compiler/;C:\Program Files\Java\jdk-10.0.2\!/modules/jdk.crypto.cryptoki/;C:\Program Files\Java\jdk-10.0.2\!/modules/jdk.crypto.ec/;C:\Program Files\Java\jdk-10.0.2\!/modules/jdk.crypto.mscapi/;C:\Program Files\Java\jdk-10.0.2\!/modules/jdk.deploy/;C:\Program Files\Java\jdk-10.0.2\!/modules/jdk.deploy.controlpanel/;C:\Program Files\Java\jdk-10.0.2\!/modules/jdk.dynalink/;C:\Program Files\Java\jdk-10.0.2\!/modules/jdk.editpad/;C:\Program Files\Java\jdk-10.0.2\!/modules/jdk.hotspot.agent/;C:\Program Files\Java\jdk-10.0.2\!/modules/jdk.httpserver/;C:\Program Files\Java\jdk-10.0.2\!/modules/jdk.incubator.httpclient/;C:\Program Files\Java\jdk-10.0.2\!/modules/jdk.internal.ed/;C:\Program Files\Java\jdk-10.0.2\!/modules/jdk.internal.jvmstat/;C:\Program Files\Java\jdk-10.0.2\!/modules/jdk.internal.le/;C:\Program Files\Java\jdk-10.0.2\!/modules/jdk.internal.opt/;C:\Program Files\Java\jdk-10.0.2\!/modules/jdk.internal.vm.ci/;C:\Program Files\Java\jdk-10.0.2\!/modules/jdk.internal.vm.compiler/;C:\Program Files\Java\jdk-10.0.2\!/modules/jdk.internal.vm.compiler.management/;C:\Program Files\Java\jdk-10.0.2\!/modules/jdk.jartool/;C:\Program Files\Java\jdk-10.0.2\!/modules/jdk.javadoc/;C:\Program Files\Java\jdk-10.0.2\!/modules/jdk.javaws/;C:\Program Files\Java\jdk-10.0.2\!/modules/jdk.jcmd/;C:\Program Files\Java\jdk-10.0.2\!/modules/jdk.jconsole/;C:\Program Files\Java\jdk-10.0.2\!/modules/jdk.jdeps/;C:\Program Files\Java\jdk-10.0.2\!/modules/jdk.jdi/;C:\Program Files\Java\jdk-10.0.2\!/modules/jdk.jdwp.agent/;C:\Program Files\Java\jdk-10.0.2\!/modules/jdk.jfr/;C:\Program Files\Java\jdk-10.0.2\!/modules/jdk.jlink/;C:\Program Files\Java\jdk-10.0.2\!/modules/jdk.jshell/;C:\Program Files\Java\jdk-10.0.2\!/modules/jdk.jsobject/;C:\Program Files\Java\jdk-10.0.2\!/modules/jdk.jstatd/;C:\Program Files\Java\jdk-10.0.2\!/modules/jdk.localedata/;C:\Program Files\Java\jdk-10.0.2\!/modules/jdk.management/;C:\Program Files\Java\jdk-10.0.2\!/modules/jdk.management.agent/;C:\Program Files\Java\jdk-10.0.2\!/modules/jdk.management.cmm/;C:\Program Files\Java\jdk-10.0.2\!/modules/jdk.management.jfr/;C:\Program Files\Java\jdk-10.0.2\!/modules/jdk.management.resource/;C:\Program Files\Java\jdk-10.0.2\!/modules/jdk.naming.dns/;C:\Program Files\Java\jdk-10.0.2\!/modules/jdk.naming.rmi/;C:\Program Files\Java\jdk-10.0.2\!/modules/jdk.net/;C:\Program Files\Java\jdk-10.0.2\!/modules/jdk.pack/;C:\Program Files\Java\jdk-10.0.2\!/modules/jdk.packager/;C:\Program Files\Java\jdk-10.0.2\!/modules/jdk.packager.services/;C:\Program Files\Java\jdk-10.0.2\!/modules/jdk.plugin/;C:\Program Files\Java\jdk-10.0.2\!/modules/jdk.plugin.server/;C:\Program Files\Java\jdk-10.0.2\!/modules/jdk.rmic/;C:\Program Files\Java\jdk-10.0.2\!/modules/jdk.scripting.nashorn/;C:\Program Files\Java\jdk-10.0.2\!/modules/jdk.scripting.nashorn.shell/;C:\Program Files\Java\jdk-10.0.2\!/modules/jdk.sctp/;C:\Program Files\Java\jdk-10.0.2\!/modules/jdk.security.auth/;C:\Program Files\Java\jdk-10.0.2\!/modules/jdk.security.jgss/;C:\Program Files\Java\jdk-10.0.2\!/modules/jdk.snmp/;C:\Program Files\Java\jdk-10.0.2\!/modules/jdk.unsupported/;C:\Program Files\Java\jdk-10.0.2\!/modules/jdk.xml.bind/;C:\Program Files\Java\jdk-10.0.2\!/modules/jdk.xml.dom/;C:\Program Files\Java\jdk-10.0.2\!/modules/jdk.xml.ws/;C:\Program Files\Java\jdk-10.0.2\!/modules/jdk.zipfs/;C:\Program Files\Java\jdk-10.0.2\!/modules/oracle.desktop/;C:\Program Files\Java\jdk-10.0.2\!/modules/oracle.net/" />
    <property name="ant.java.version" value="1.8" />
    <property name="libs.junit_4.classpath" value="C:\incubating-netbeans-java-9.0-bin\netbeans\platform\modules\ext\junit-4.12.jar" />
    <property name="libs.hamcrest.classpath" value="C:\incubating-netbeans-java-9.0-bin\netbeans\platform\modules\ext\hamcrest-core-1.3.jar" />
    <property name="jlink.launcher.name" value="hholmes1-P3" />
    <property name="javadoc.splitindex" value="true" />
    <property name="libs.JWSAntTasks.classpath" value="C:\incubating-netbeans-java-9.0-bin\netbeans\java\ant\extra\org-netbeans-modules-javawebstart-anttasks.jar" />
    <property name="test.binarytestincludes" value="" />
    <property name="junit.available" value="true" />
    <property name="sun.awt.keepWorkingSetOnMinimize" value="true" />
    <property name="libs.junit_4.maven-pom" value="" />
    <property name="javac.processormodulepath" value="" />
    <property name="runtime.encoding" value="UTF-8" />
    <property name="jlink.additionalmodules" value="" />
    <property name="javadoc.encoding" value="UTF-8" />
    <property name="javac.classpath" value="" />
    <property name="dist.jlink.dir" value="dist/jlink" />
    <property name="netbeans.hash.code" value="unique=0e2178b4e-f119-4a11-90c5-029cb0eda7d4_aff34dbf-d44e-4773-b31c-35a637415274" />
    <property name="platform.javadoc" value="C:\Program Files\Java\jdk-10.0.2/bin/javadoc" />
    <property name="nb.junit.batch" value="true" />
    <property name="build.test.classes.dir" value="build/test/classes" />
    <property name="java.runtime.name" value="Java(TM) SE Runtime Environment" />
    <property name="libs.jaxb.javadoc" value="C:\incubating-netbeans-java-9.0-bin\netbeans\ide\docs\jaxb-api-2.2.5-javadoc.jar" />
    <property name="manifest.available" value="true" />
    <property name="libs.spring-framework300.maven-pom" value="" />
    <property name="ant.project.invoked-targets" value="test" />
    <property name="run.jvmargs.ide" value="" />
    <property name="netbeans.automatic.build" value="true" />
    <property name="ap.cmd.line.internal" value="" />
    <property name="libs.PostgreSQLDriver.src" value="" />
    <property name="platform.compiler" value="${platforms.JDK_10.compile}" />
    <property name="ant.core.lib" value="C:\incubating-netbeans-java-9.0-bin\netbeans\extide\ant\lib\ant.jar" />
    <property name="java.vendor.url.bug" value="http://bugreport.java.com/bugreport/" />
    <property name="annotation.processing.source.output" value="build/generated-sources/ap-source-output" />
    <property name="netbeans.logger.console" value="true" />
    <property name="javac.profile.cmd.line.arg" value="" />
    <property name="user.dir" value="C:\Users\hholmes\Documents\GitHub\hholmes1-P3" />
    <property name="platform.java" value="C:\Program Files\Java\jdk-10.0.2/bin/java" />
    <property name="do.archive+main.class.available" value="true" />
    <property name="application.args" value="" />
    <property name="org.xml.sax.driver" value="com.sun.org.apache.xerces.internal.jaxp.SAXParserImpl$JAXPSAXParser" />
    <property name="javac.test.modulepath" value="" />
    <property name="ignore.failing.tests" value="true" />
    <property name="libs.PostgreSQLDriver.javadoc" value="" />
    <property name="libs.eclipselink.src" value="" />
    <property name="java.vm.version" value="10.0.2+13" />
    <property name="sun.awt.datatransfer.timeout" value="1000" />
    <property name="java.ext.dirs" value="H:\Program Files\Java\jdk1.8.0_121\jre\lib\ext;C:\WINDOWS\Sun\Java\lib\ext" />
    <property name="annotation.processing.run.all.processors" value="true" />
    <property name="junit.forkmode" value="perTest" />
    <property name="ant.file.type.hholmes1-P3" value="file" />
  </properties>
  <testcase classname="RoomTest" name="testRoomDynamicsBlowerOn" time="0.001" />
  <testcase classname="RoomTest" name="testRoomDynamicsBlowerOff" time="0.0" />
  <testcase classname="RoomTest" name="testInitialGetTemp" time="0.0" />
  <system-out><![CDATA[]]></system-out>
  <system-err><![CDATA[]]></system-err>
</testsuite>
